------------------------------------------------------------
/opt/local/bin/pip-2.7 run on Sat Dec  6 14:03:56 2014
Downloading/unpacking PyV8

  Getting page https://pypi.python.org/simple/PyV8/
  URLs to search for versions for PyV8:
  * https://pypi.python.org/simple/PyV8/
  Getting page http://code.google.com/p/pyv8/
  Getting page http://code.google.com/p/pyv8/downloads/list
  Cannot look at svn URL svn+http://pyv8.googlecode.com/svn/trunk/#egg=pyv8-1.0-dev (from https://pypi.python.org/simple/pyv8/)
  Analyzing links from page https://pypi.python.org/simple/pyv8/
    Skipping link https://pypi.python.org/packages/2.5/P/PyV8/PyV8-0.5.win32-py2.5.exe#md5=55c81f25b9c3a576e9fa885ab3b2dab3 (from https://pypi.python.org/simple/pyv8/); unknown archive format: .exe
    Found link https://pypi.python.org/packages/source/P/PyV8/PyV8-0.5.zip#md5=922d7d66f6e2d03aa949f40395f21b80 (from https://pypi.python.org/simple/pyv8/), version: 0.5
    Skipping link http://code.google.com/p/pyv8/ (from https://pypi.python.org/simple/pyv8/); not a file
    Skipping link http://code.google.com/p/pyv8/downloads/list (from https://pypi.python.org/simple/pyv8/); not a file
    Found link svn+http://pyv8.googlecode.com/svn/trunk/#egg=pyv8-1.0-dev (from https://pypi.python.org/simple/pyv8/), version: 1.0-dev
  Analyzing links from page http://code.google.com/p/pyv8/
    Skipping link https://www.google.com/accounts/ServiceLogin?service=code&ltmpl=phosting&continue=http%3A%2F%2Fcode.google.com%2Fp%2Fpyv8%2F&followup=http%3A%2F%2Fcode.google.com%2Fp%2Fpyv8%2F (from http://code.google.com/p/pyv8/); not a file
    Skipping link http://code.google.com/p/pyv8/w/list (from http://code.google.com/p/pyv8/); not a file
    Skipping link http://code.google.com/p/pyv8/issues/list (from http://code.google.com/p/pyv8/); not a file
    Skipping link http://code.google.com/p/pyv8/source/checkout (from http://code.google.com/p/pyv8/); not a file
    Skipping link http://code.google.com/p/pyv8/people/list (from http://code.google.com/p/pyv8/); not a file
    Skipping link http://code.google.com/p/pyv8/feeds (from http://code.google.com/p/pyv8/); not a file
    Skipping link http://www.apache.org/licenses/LICENSE-2.0 (from http://code.google.com/p/pyv8/); unknown archive format: .0
    Skipping link http://code.google.com/hosting/search?q=label:python (from http://code.google.com/p/pyv8/); not a file
    Skipping link http://code.google.com/hosting/search?q=label:javascript (from http://code.google.com/p/pyv8/); not a file
    Skipping link http://code.google.com/hosting/search?q=label:v8 (from http://code.google.com/p/pyv8/); not a file
    Skipping link http://code.google.com/hosting/search?q=label:engine (from http://code.google.com/p/pyv8/); not a file
    Skipping link http://code.google.com/hosting/search?q=label:Linux (from http://code.google.com/p/pyv8/); not a file
    Skipping link http://code.google.com/hosting/search?q=label:Mac (from http://code.google.com/p/pyv8/); not a file
    Skipping link http://code.google.com/hosting/search?q=label:FreeBSD (from http://code.google.com/p/pyv8/); not a file
    Skipping link http://code.google.com/hosting/search?q=label:Windows (from http://code.google.com/p/pyv8/); not a file
    Skipping link http://code.google.com/hosting/search?q=label:py3k (from http://code.google.com/p/pyv8/); not a file
    Skipping link http://code.google.com/u/106022808272130273369/ (from http://code.google.com/p/pyv8/); not a file
    Skipping link http://pyv8.googlecode.com/files/PyV8-1.0-preview-r443.win32-py2.7.exe (from http://code.google.com/p/pyv8/); unknown archive format: .exe
    Skipping link http://code.google.com/p/pyv8/downloads/detail?name=PyV8-1.0-preview-r443.win32-py2.7.exe (from http://code.google.com/p/pyv8/); not a file
    Skipping link http://pyv8.googlecode.com/files/PyV8-1.0-preview-r446.win-amd64-py2.7.exe (from http://code.google.com/p/pyv8/); unknown archive format: .exe
    Skipping link http://code.google.com/p/pyv8/downloads/detail?name=PyV8-1.0-preview-r446.win-amd64-py2.7.exe (from http://code.google.com/p/pyv8/); not a file
    Skipping link http://code.google.com/p/pyv8/wiki/HowToBuild (from http://code.google.com/p/pyv8/); not a file
    Skipping link http://code.google.com/p/pyv8/wiki/WhoAreUsing (from http://code.google.com/p/pyv8/); not a file
    Skipping link http://flierlu.blogspot.com/ (from http://code.google.com/p/pyv8/); not a file
    Skipping link http://pypi.python.org/pypi/PyV8/ (from http://code.google.com/p/pyv8/); not a file
    Skipping link http://code.google.com/p/jav8/ (from http://code.google.com/p/pyv8/); not a file
    Skipping link https://github.com/jmalonzo/pyv8 (from http://code.google.com/p/pyv8/); not a file
    Skipping link http://groups.google.com/group/pyv8 (from http://code.google.com/p/pyv8/); not a file
    Skipping link http://code.google.com/apis/v8/ (from http://code.google.com/p/pyv8/); not a file
    Skipping link http://code.google.com/p/pyv8/source/browse/trunk/PyV8.py (from http://code.google.com/p/pyv8/); unknown archive format: .py
    Skipping link http://www.advogato.org/person/lkcl/ (from http://code.google.com/p/pyv8/); not a file
    Skipping link http://www.advogato.org/article/985.html (from http://code.google.com/p/pyv8/); unknown archive format: .html
    Skipping link http://code.google.com/projecthosting/terms.html (from http://code.google.com/p/pyv8/); unknown archive format: .html
    Skipping link http://www.google.com/privacy.html (from http://code.google.com/p/pyv8/); unknown archive format: .html
    Skipping link http://code.google.com/p/support/ (from http://code.google.com/p/pyv8/); not a file
    Skipping link http://code.google.com/projecthosting/ (from http://code.google.com/p/pyv8/); not a file
  Analyzing links from page http://code.google.com/p/pyv8/downloads/list
    Skipping link https://www.google.com/accounts/ServiceLogin?service=code&ltmpl=phosting&continue=http%3A%2F%2Fcode.google.com%2Fp%2Fpyv8%2Fdownloads%2Flist&followup=http%3A%2F%2Fcode.google.com%2Fp%2Fpyv8%2Fdownloads%2Flist (from http://code.google.com/p/pyv8/downloads/list); not a file
    Skipping link http://code.google.com/p/pyv8/downloads/list#columnprefs (from http://code.google.com/p/pyv8/downloads/list); not a file
    Skipping link http://code.google.com/p/pyv8/downloads/detail?name=PyV8-1.0-preview-r446.win-amd64-py2.7.exe&can=2&q= (from http://code.google.com/p/pyv8/downloads/list); not a file
    Skipping link http://code.google.com/p/pyv8/downloads/list?q=label:Featured (from http://code.google.com/p/pyv8/downloads/list); not a file
    Skipping link http://code.google.com/p/pyv8/downloads/detail?name=PyV8-1.0-preview-r443.win32-py2.7.exe&can=2&q= (from http://code.google.com/p/pyv8/downloads/list); not a file
    Skipping link http://pyv8.googlecode.com/files/PyV8-1.0-preview-r443.win32-py2.6.exe (from http://code.google.com/p/pyv8/downloads/list); unknown archive format: .exe
    Skipping link http://code.google.com/p/pyv8/downloads/detail?name=PyV8-1.0-preview-r443.win32-py2.6.exe&can=2&q= (from http://code.google.com/p/pyv8/downloads/list); not a file
  Ignoring link svn+http://pyv8.googlecode.com/svn/trunk/#egg=pyv8-1.0-dev (from https://pypi.python.org/simple/pyv8/), version 1.0-dev is a pre-release (use --pre to allow).
  Downloading PyV8-0.5.zip

  Downloading from URL https://pypi.python.org/packages/source/P/PyV8/PyV8-0.5.zip#md5=922d7d66f6e2d03aa949f40395f21b80 (from https://pypi.python.org/simple/pyv8/)
  Running setup.py egg_info for package PyV8

    running egg_info
    creating pip-egg-info/PyV8.egg-info
    writing pip-egg-info/PyV8.egg-info/PKG-INFO
    writing top-level names to pip-egg-info/PyV8.egg-info/top_level.txt
    writing dependency_links to pip-egg-info/PyV8.egg-info/dependency_links.txt
    writing manifest file 'pip-egg-info/PyV8.egg-info/SOURCES.txt'
    warning: manifest_maker: standard file '-c' not found
    

    reading manifest file 'pip-egg-info/PyV8.egg-info/SOURCES.txt'
    writing manifest file 'pip-egg-info/PyV8.egg-info/SOURCES.txt'
  Source in /private/var/folders/l8/x79dy7214g184q7pp273r66r0000gn/T/pip_build_saerdna/PyV8 has version 0.5, which satisfies requirement PyV8
Installing collected packages: PyV8

  Running setup.py install for PyV8

    Running command /opt/local/Library/Frameworks/Python.framework/Versions/2.7/Resources/Python.app/Contents/MacOS/Python -c "import setuptools;__file__='/private/var/folders/l8/x79dy7214g184q7pp273r66r0000gn/T/pip_build_saerdna/PyV8/setup.py';exec(compile(open(__file__).read().replace('\r\n', '\n'), __file__, 'exec'))" install --record /var/folders/l8/x79dy7214g184q7pp273r66r0000gn/T/pip-zfsyg6-record/install-record.txt --single-version-externally-managed
    running install
    running build
    running build_py
    creating build
    creating build/lib.macosx-10.10-x86_64-2.7
    copying PyV8.py -> build/lib.macosx-10.10-x86_64-2.7
    running build_ext
    building '_PyV8' extension

    creating build/temp.macosx-10.10-x86_64-2.7
    creating build/temp.macosx-10.10-x86_64-2.7/src
    /usr/bin/clang -fno-strict-aliasing -fno-common -dynamic -pipe -Os -fwrapv -DNDEBUG -g -fwrapv -O3 -Wall -Wstrict-prototypes -DBOOST_PYTHON_STATIC_LIB -Ilib/python/inc -Ilib/boost/inc -Ilib/v8/inc -I/opt/local/Library/Frameworks/Python.framework/Versions/2.7/include/python2.7 -c src/Exception.cpp -o build/temp.macosx-10.10-x86_64-2.7/src/Exception.o

    In file included from src/Exception.cpp:1:

    src/Exception.h:50:40: error: 'New' is a private member of 'v8::PersistentBase<v8::Value>'

          m_exc(v8::Persistent<v8::Value>::New(try_catch.Exception())),

                                           ^

    /usr/local/include/v8.h:594:23: note: declared private here

      V8_INLINE static T* New(Isolate* isolate, T* that);

                          ^

    In file included from src/Exception.cpp:1:

    src/Exception.h:50:65: error: too few arguments to function call, expected 2, have 1

          m_exc(v8::Persistent<v8::Value>::New(try_catch.Exception())),

                ~~~~~~~~~~~~~~~~~~~~~~~~~~~~~~                      ^

    /usr/local/include/v8.h:594:3: note: 'New' declared here

      V8_INLINE static T* New(Isolate* isolate, T* that);

      ^

    /usr/local/include/v8config.h:312:20: note: expanded from macro 'V8_INLINE'

    # define V8_INLINE inline __attribute__((always_inline))

                       ^

    In file included from src/Exception.cpp:1:

    src/Exception.h:51:42: error: 'New' is a private member of 'v8::PersistentBase<v8::Message>'

          m_msg(v8::Persistent<v8::Message>::New(try_catch.Message()))

                                             ^

    /usr/local/include/v8.h:594:23: note: declared private here

      V8_INLINE static T* New(Isolate* isolate, T* that);

                          ^

    In file included from src/Exception.cpp:1:

    src/Exception.h:51:65: error: too few arguments to function call, expected 2, have 1

          m_msg(v8::Persistent<v8::Message>::New(try_catch.Message()))

                ~~~~~~~~~~~~~~~~~~~~~~~~~~~~~~~~                    ^

    /usr/local/include/v8.h:594:3: note: 'New' declared here

      V8_INLINE static T* New(Isolate* isolate, T* that);

      ^

    /usr/local/include/v8config.h:312:20: note: expanded from macro 'V8_INLINE'

    # define V8_INLINE inline __attribute__((always_inline))

                       ^

    In file included from src/Exception.cpp:1:

    src/Exception.h:63:33: error: no member named 'Dispose' in 'v8::Persistent<v8::Value, v8::NonCopyablePersistentTraits<v8::Value> >'

        if (!m_exc.IsEmpty()) m_exc.Dispose();

                              ~~~~~ ^

    src/Exception.h:64:33: error: no member named 'Dispose' in 'v8::Persistent<v8::Message, v8::NonCopyablePersistentTraits<v8::Message> >'

        if (!m_msg.IsEmpty()) m_msg.Dispose();

                              ~~~~~ ^

    src/Exception.cpp:38:19: error: calling a protected constructor of class 'v8::HandleScope'

      v8::HandleScope handle_scope;

                      ^

    /usr/local/include/v8.h:845:13: note: declared protected here

      V8_INLINE HandleScope() {}

                ^

    src/Exception.cpp:40:15: error: no member named 'AsciiValue' in 'v8::String'

      v8::String::AsciiValue msg(v8::Handle<v8::String>::Cast(m_exc->ToObject()->Get(v8::String::New("name"))));

      ~~~~~~~~~~~~^

    src/Exception.cpp:42:23: error: use of undeclared identifier 'msg'; did you mean 'PySyntaxErrorObject::msg'?

      return std::string(*msg, msg.length());

                          ^~~

                          PySyntaxErrorObject::msg

    /opt/local/Library/Frameworks/Python.framework/Versions/2.7/include/python2.7/pyerrors.h:21:15: note: 'PySyntaxErrorObject::msg' declared here

        PyObject *msg;

                  ^

    src/Exception.cpp:42:23: error: invalid use of non-static data member 'msg'

      return std::string(*msg, msg.length());

                          ^~~

    src/Exception.cpp:50:19: error: calling a protected constructor of class 'v8::HandleScope'

      v8::HandleScope handle_scope;

                      ^

    /usr/local/include/v8.h:845:13: note: declared protected here

      V8_INLINE HandleScope() {}

                ^

    src/Exception.cpp:52:15: error: no member named 'AsciiValue' in 'v8::String'

      v8::String::AsciiValue msg(v8::Handle<v8::String>::Cast(m_exc->ToObject()->Get(v8::String::New("message"))));

      ~~~~~~~~~~~~^

    src/Exception.cpp:54:23: error: use of undeclared identifier 'msg'; did you mean 'PySyntaxErrorObject::msg'?

      return std::string(*msg, msg.length());

                          ^~~

                          PySyntaxErrorObject::msg

    /opt/local/Library/Frameworks/Python.framework/Versions/2.7/include/python2.7/pyerrors.h:21:15: note: 'PySyntaxErrorObject::msg' declared here

        PyObject *msg;

                  ^

    src/Exception.cpp:54:23: error: invalid use of non-static data member 'msg'

      return std::string(*msg, msg.length());

                          ^~~

    src/Exception.cpp:60:19: error: calling a protected constructor of class 'v8::HandleScope'

      v8::HandleScope handle_scope;

                      ^

    /usr/local/include/v8.h:845:13: note: declared protected here

      V8_INLINE HandleScope() {}

                ^

    src/Exception.cpp:62:33: error: member reference type 'v8::Persistent<v8::Message>' is not a pointer; maybe you meant to use '.'?

      if (!m_msg.IsEmpty() && !m_msg->GetScriptResourceName().IsEmpty() &&

                               ~~~~~^~

                                    .

    src/Exception.cpp:62:35: error: no member named 'GetScriptResourceName' in 'v8::Persistent<v8::Message, v8::NonCopyablePersistentTraits<v8::Message> >'

      if (!m_msg.IsEmpty() && !m_msg->GetScriptResourceName().IsEmpty() &&

                               ~~~~~  ^

    src/Exception.cpp:63:13: error: member reference type 'v8::Persistent<v8::Message>' is not a pointer; maybe you meant to use '.'?

          !m_msg->GetScriptResourceName()->IsUndefined())

           ~~~~~^~

                .

    src/Exception.cpp:63:15: error: no member named 'GetScriptResourceName' in 'v8::Persistent<v8::Message, v8::NonCopyablePersistentTraits<v8::Message> >'

          !m_msg->GetScriptResourceName()->IsUndefined())

           ~~~~~  ^

    fatal error: too many errors emitted, stopping now [-ferror-limit=]

    20 errors generated.

    error: command '/usr/bin/clang' failed with exit status 1

    Complete output from command /opt/local/Library/Frameworks/Python.framework/Versions/2.7/Resources/Python.app/Contents/MacOS/Python -c "import setuptools;__file__='/private/var/folders/l8/x79dy7214g184q7pp273r66r0000gn/T/pip_build_saerdna/PyV8/setup.py';exec(compile(open(__file__).read().replace('\r\n', '\n'), __file__, 'exec'))" install --record /var/folders/l8/x79dy7214g184q7pp273r66r0000gn/T/pip-zfsyg6-record/install-record.txt --single-version-externally-managed:

    running install

running build

running build_py

creating build

creating build/lib.macosx-10.10-x86_64-2.7

copying PyV8.py -> build/lib.macosx-10.10-x86_64-2.7

running build_ext

building '_PyV8' extension

creating build/temp.macosx-10.10-x86_64-2.7

creating build/temp.macosx-10.10-x86_64-2.7/src

/usr/bin/clang -fno-strict-aliasing -fno-common -dynamic -pipe -Os -fwrapv -DNDEBUG -g -fwrapv -O3 -Wall -Wstrict-prototypes -DBOOST_PYTHON_STATIC_LIB -Ilib/python/inc -Ilib/boost/inc -Ilib/v8/inc -I/opt/local/Library/Frameworks/Python.framework/Versions/2.7/include/python2.7 -c src/Exception.cpp -o build/temp.macosx-10.10-x86_64-2.7/src/Exception.o

In file included from src/Exception.cpp:1:

src/Exception.h:50:40: error: 'New' is a private member of 'v8::PersistentBase<v8::Value>'

      m_exc(v8::Persistent<v8::Value>::New(try_catch.Exception())),

                                       ^

/usr/local/include/v8.h:594:23: note: declared private here

  V8_INLINE static T* New(Isolate* isolate, T* that);

                      ^

In file included from src/Exception.cpp:1:

src/Exception.h:50:65: error: too few arguments to function call, expected 2, have 1

      m_exc(v8::Persistent<v8::Value>::New(try_catch.Exception())),

            ~~~~~~~~~~~~~~~~~~~~~~~~~~~~~~                      ^

/usr/local/include/v8.h:594:3: note: 'New' declared here

  V8_INLINE static T* New(Isolate* isolate, T* that);

  ^

/usr/local/include/v8config.h:312:20: note: expanded from macro 'V8_INLINE'

# define V8_INLINE inline __attribute__((always_inline))

                   ^

In file included from src/Exception.cpp:1:

src/Exception.h:51:42: error: 'New' is a private member of 'v8::PersistentBase<v8::Message>'

      m_msg(v8::Persistent<v8::Message>::New(try_catch.Message()))

                                         ^

/usr/local/include/v8.h:594:23: note: declared private here

  V8_INLINE static T* New(Isolate* isolate, T* that);

                      ^

In file included from src/Exception.cpp:1:

src/Exception.h:51:65: error: too few arguments to function call, expected 2, have 1

      m_msg(v8::Persistent<v8::Message>::New(try_catch.Message()))

            ~~~~~~~~~~~~~~~~~~~~~~~~~~~~~~~~                    ^

/usr/local/include/v8.h:594:3: note: 'New' declared here

  V8_INLINE static T* New(Isolate* isolate, T* that);

  ^

/usr/local/include/v8config.h:312:20: note: expanded from macro 'V8_INLINE'

# define V8_INLINE inline __attribute__((always_inline))

                   ^

In file included from src/Exception.cpp:1:

src/Exception.h:63:33: error: no member named 'Dispose' in 'v8::Persistent<v8::Value, v8::NonCopyablePersistentTraits<v8::Value> >'

    if (!m_exc.IsEmpty()) m_exc.Dispose();

                          ~~~~~ ^

src/Exception.h:64:33: error: no member named 'Dispose' in 'v8::Persistent<v8::Message, v8::NonCopyablePersistentTraits<v8::Message> >'

    if (!m_msg.IsEmpty()) m_msg.Dispose();

                          ~~~~~ ^

src/Exception.cpp:38:19: error: calling a protected constructor of class 'v8::HandleScope'

  v8::HandleScope handle_scope;

                  ^

/usr/local/include/v8.h:845:13: note: declared protected here

  V8_INLINE HandleScope() {}

            ^

src/Exception.cpp:40:15: error: no member named 'AsciiValue' in 'v8::String'

  v8::String::AsciiValue msg(v8::Handle<v8::String>::Cast(m_exc->ToObject()->Get(v8::String::New("name"))));

  ~~~~~~~~~~~~^

src/Exception.cpp:42:23: error: use of undeclared identifier 'msg'; did you mean 'PySyntaxErrorObject::msg'?

  return std::string(*msg, msg.length());

                      ^~~

                      PySyntaxErrorObject::msg

/opt/local/Library/Frameworks/Python.framework/Versions/2.7/include/python2.7/pyerrors.h:21:15: note: 'PySyntaxErrorObject::msg' declared here

    PyObject *msg;

              ^

src/Exception.cpp:42:23: error: invalid use of non-static data member 'msg'

  return std::string(*msg, msg.length());

                      ^~~

src/Exception.cpp:50:19: error: calling a protected constructor of class 'v8::HandleScope'

  v8::HandleScope handle_scope;

                  ^

/usr/local/include/v8.h:845:13: note: declared protected here

  V8_INLINE HandleScope() {}

            ^

src/Exception.cpp:52:15: error: no member named 'AsciiValue' in 'v8::String'

  v8::String::AsciiValue msg(v8::Handle<v8::String>::Cast(m_exc->ToObject()->Get(v8::String::New("message"))));

  ~~~~~~~~~~~~^

src/Exception.cpp:54:23: error: use of undeclared identifier 'msg'; did you mean 'PySyntaxErrorObject::msg'?

  return std::string(*msg, msg.length());

                      ^~~

                      PySyntaxErrorObject::msg

/opt/local/Library/Frameworks/Python.framework/Versions/2.7/include/python2.7/pyerrors.h:21:15: note: 'PySyntaxErrorObject::msg' declared here

    PyObject *msg;

              ^

src/Exception.cpp:54:23: error: invalid use of non-static data member 'msg'

  return std::string(*msg, msg.length());

                      ^~~

src/Exception.cpp:60:19: error: calling a protected constructor of class 'v8::HandleScope'

  v8::HandleScope handle_scope;

                  ^

/usr/local/include/v8.h:845:13: note: declared protected here

  V8_INLINE HandleScope() {}

            ^

src/Exception.cpp:62:33: error: member reference type 'v8::Persistent<v8::Message>' is not a pointer; maybe you meant to use '.'?

  if (!m_msg.IsEmpty() && !m_msg->GetScriptResourceName().IsEmpty() &&

                           ~~~~~^~

                                .

src/Exception.cpp:62:35: error: no member named 'GetScriptResourceName' in 'v8::Persistent<v8::Message, v8::NonCopyablePersistentTraits<v8::Message> >'

  if (!m_msg.IsEmpty() && !m_msg->GetScriptResourceName().IsEmpty() &&

                           ~~~~~  ^

src/Exception.cpp:63:13: error: member reference type 'v8::Persistent<v8::Message>' is not a pointer; maybe you meant to use '.'?

      !m_msg->GetScriptResourceName()->IsUndefined())

       ~~~~~^~

            .

src/Exception.cpp:63:15: error: no member named 'GetScriptResourceName' in 'v8::Persistent<v8::Message, v8::NonCopyablePersistentTraits<v8::Message> >'

      !m_msg->GetScriptResourceName()->IsUndefined())

       ~~~~~  ^

fatal error: too many errors emitted, stopping now [-ferror-limit=]

20 errors generated.

error: command '/usr/bin/clang' failed with exit status 1

----------------------------------------

Cleaning up...

  Removing temporary dir /private/var/folders/l8/x79dy7214g184q7pp273r66r0000gn/T/pip_build_saerdna...
Command /opt/local/Library/Frameworks/Python.framework/Versions/2.7/Resources/Python.app/Contents/MacOS/Python -c "import setuptools;__file__='/private/var/folders/l8/x79dy7214g184q7pp273r66r0000gn/T/pip_build_saerdna/PyV8/setup.py';exec(compile(open(__file__).read().replace('\r\n', '\n'), __file__, 'exec'))" install --record /var/folders/l8/x79dy7214g184q7pp273r66r0000gn/T/pip-zfsyg6-record/install-record.txt --single-version-externally-managed failed with error code 1 in /private/var/folders/l8/x79dy7214g184q7pp273r66r0000gn/T/pip_build_saerdna/PyV8

Exception information:
Traceback (most recent call last):
  File "/opt/local/Library/Frameworks/Python.framework/Versions/2.7/lib/python2.7/site-packages/pip/basecommand.py", line 134, in main
    status = self.run(options, args)
  File "/opt/local/Library/Frameworks/Python.framework/Versions/2.7/lib/python2.7/site-packages/pip/commands/install.py", line 241, in run
    requirement_set.install(install_options, global_options, root=options.root_path)
  File "/opt/local/Library/Frameworks/Python.framework/Versions/2.7/lib/python2.7/site-packages/pip/req.py", line 1298, in install
    requirement.install(install_options, global_options, *args, **kwargs)
  File "/opt/local/Library/Frameworks/Python.framework/Versions/2.7/lib/python2.7/site-packages/pip/req.py", line 625, in install
    cwd=self.source_dir, filter_stdout=self._filter_install, show_stdout=False)
  File "/opt/local/Library/Frameworks/Python.framework/Versions/2.7/lib/python2.7/site-packages/pip/util.py", line 670, in call_subprocess
    % (command_desc, proc.returncode, cwd))
InstallationError: Command /opt/local/Library/Frameworks/Python.framework/Versions/2.7/Resources/Python.app/Contents/MacOS/Python -c "import setuptools;__file__='/private/var/folders/l8/x79dy7214g184q7pp273r66r0000gn/T/pip_build_saerdna/PyV8/setup.py';exec(compile(open(__file__).read().replace('\r\n', '\n'), __file__, 'exec'))" install --record /var/folders/l8/x79dy7214g184q7pp273r66r0000gn/T/pip-zfsyg6-record/install-record.txt --single-version-externally-managed failed with error code 1 in /private/var/folders/l8/x79dy7214g184q7pp273r66r0000gn/T/pip_build_saerdna/PyV8
